Arguments: 
  /home/gui/.nvm/versions/node/v12.22.9/bin/node /home/gui/.nvm/versions/node/v12.22.9/bin/yarn add ts-node

PATH: 
  /home/gui/.nvm/versions/node/v12.22.9/bin:/usr/local/sbin:/usr/local/bin:/usr/sbin:/usr/bin:/sbin:/bin:/usr/games:/usr/local/games:/snap/bin

Yarn version: 
  1.22.17

Node version: 
  12.22.9

Platform: 
  linux x64

Trace: 
  SyntaxError: /home/gui/Personal/node-crud/package.json: Unexpected token } in JSON at position 247
      at JSON.parse (<anonymous>)
      at /home/gui/.nvm/versions/node/v12.22.9/lib/node_modules/yarn/lib/cli.js:1625:59
      at Generator.next (<anonymous>)
      at step (/home/gui/.nvm/versions/node/v12.22.9/lib/node_modules/yarn/lib/cli.js:310:30)
      at /home/gui/.nvm/versions/node/v12.22.9/lib/node_modules/yarn/lib/cli.js:321:13

npm manifest: 
  {
    "name": "node-crud",
    "version": "1.0.0",
    "main": "src/index.js",
    "author": "guivictorr <55333929+guivictorr@users.noreply.github.com>",
    "license": "MIT",
    "devDependencies": {
    "@types/node": "^17.0.21",
    "typescript": "^4.5.5"
   },
  }

yarn manifest: 
  No manifest

Lockfile: 
  # THIS IS AN AUTOGENERATED FILE. DO NOT EDIT THIS FILE DIRECTLY.
  # yarn lockfile v1
  
  
  "@types/node@^17.0.21":
    version "17.0.21"
    resolved "https://registry.yarnpkg.com/@types/node/-/node-17.0.21.tgz#864b987c0c68d07b4345845c3e63b75edd143644"
    integrity sha512-DBZCJbhII3r90XbQxI8Y9IjjiiOGlZ0Hr32omXIZvwwZ7p4DMMXGrKXVyPfuoBOri9XNtL0UK69jYIBIsRX3QQ==
  
  typescript@^4.5.5:
    version "4.5.5"
    resolved "https://registry.yarnpkg.com/typescript/-/typescript-4.5.5.tgz#d8c953832d28924a9e3d37c73d729c846c5896f3"
    integrity sha512-TCTIul70LyWe6IJWT8QSYeA54WQe8EjQFU4wY52Fasj5UKx88LNYKCgBEHcOMOrFF1rKGbD8v/xcNWVUq9SymA==
